

times in msec
 clock   self+sourced   self:  sourced script
 clock   elapsed:              other lines

000.004  000.004: --- NVIM STARTING ---
000.078  000.074: event init
000.151  000.073: early init
000.441  000.290: locale set
000.469  000.028: init first window
000.698  000.229: inits 1
000.714  000.017: window checked
000.716  000.002: parsing arguments
001.045  000.024  000.024: require('vim.shared')
001.107  000.027  000.027: require('vim.inspect')
001.138  000.023  000.023: require('vim._options')
001.139  000.093  000.042: require('vim._editor')
001.140  000.175  000.059: require('vim._init_packages')
001.142  000.250: init lua interpreter
003.497  002.356: expanding arguments
003.510  000.013: inits 2
003.719  000.209: init highlight
003.720  000.001: waiting for UI
003.821  000.101: done waiting for UI
003.826  000.004: clear screen
003.839  000.004  000.004: require('vim.keymap')
003.999  000.169: init default mappings & autocommands
005.123  000.051  000.051: sourcing /usr/local/share/nvim/runtime/ftplugin.vim
005.275  000.021  000.021: sourcing /usr/local/share/nvim/runtime/indent.vim
006.015  000.424  000.424: require('options')
006.364  000.195  000.195: require('core.utils')
006.481  000.116  000.116: require('core.default_config')
006.681  000.664  000.354: require('mappings')
006.887  000.123  000.123: require('core.autocmds')
006.889  000.206  000.084: require('core')
008.381  001.250  001.250: require('lazy')
008.416  000.014  000.014: require('ffi')
008.683  000.245  000.245: require('vim.uri')
008.695  000.278  000.033: require('vim.loader')
008.776  000.022  000.022: require('vim.fs')
009.285  000.573  000.551: require('lazy.stats')
009.442  000.129  000.129: require('lazy.core.util')
009.544  000.101  000.101: require('lazy.core.config')
009.802  000.135  000.135: require('lazy.core.handler')
009.955  000.151  000.151: require('lazy.core.plugin')
009.966  000.421  000.135: require('lazy.core.loader')
010.509  000.102  000.102: require('plugins.configs.Comment')
010.642  000.125  000.125: require('plugins.configs.dashboard-nvim')
010.763  000.108  000.108: require('plugins.configs.diffview')
010.903  000.116  000.116: require('plugins.configs.gitsigns')
011.009  000.100  000.100: require('plugins.configs.hop')
011.135  000.105  000.105: require('plugins.configs.indent-blankline')
011.222  000.082  000.082: require('plugins.configs.lualine')
011.565  000.070  000.070: require('plugins.configs.mason')
011.685  000.111  000.111: require('plugins.configs.mason-lspconfig')
011.792  000.090  000.090: require('plugins.configs.mini-completion')
011.893  000.097  000.097: require('plugins.configs.neo-tree')
011.971  000.066  000.066: require('plugins.configs.nvim-autopairs')
012.063  000.088  000.088: require('plugins.configs.nvim-colorizer')
012.136  000.068  000.068: require('plugins.configs.nvim-navic')
012.223  000.080  000.080: require('plugins.configs.nvim-surround')
012.290  000.063  000.063: require('plugins.configs.nvim-transparent')
012.362  000.065  000.065: require('plugins.configs.nvim-treesitter')
012.439  000.072  000.072: require('plugins.configs.others')
012.585  000.144  000.144: require('plugins.configs.plenary')
012.700  000.107  000.107: require('plugins.configs.telescope')
012.795  000.089  000.089: require('plugins.configs.treesitter-indent-object')
012.864  000.065  000.065: require('plugins.configs.vim-fugitive')
012.933  000.064  000.064: require('plugins.configs.vim-gitgutter')
013.031  000.093  000.093: require('plugins.configs.vim-highlightedyank')
013.126  000.091  000.091: require('plugins.configs.vim-mql5')
013.489  000.081  000.081: require('lazy.core.handler.event')
013.491  000.162  000.081: require('lazy.core.handler.ft')
013.565  000.071  000.071: require('lazy.core.handler.cmd')
013.651  000.084  000.084: require('lazy.core.handler.keys')
014.608  000.328  000.328: sourcing /usr/local/share/nvim/runtime/filetype.lua
016.628  000.041  000.041: sourcing /Users/t002451/.local/share/nvim/lazy/nvim-transparent/plugin/transparent.vim
017.359  000.593  000.593: require('transparent.config')
017.482  000.083  000.083: require('transparent.cache')
017.517  002.887  002.170: require('transparent')
017.719  000.161  000.161: require('hybrid')
019.612  000.154  000.154: require('vim.lsp.log')
019.902  000.288  000.288: require('vim.lsp.protocol')
020.285  000.241  000.241: require('vim.lsp._snippet')
020.375  000.089  000.089: require('vim.highlight')
020.381  000.003  000.003: require('vim.F')
020.394  000.491  000.159: require('vim.lsp.util')
020.409  001.119  000.186: require('vim.lsp.handlers')
020.568  000.157  000.157: require('vim.lsp.rpc')
020.663  000.094  000.094: require('vim.lsp.sync')
020.815  000.151  000.151: require('vim.lsp.semantic_tokens')
021.070  000.251  000.251: require('vim.lsp.buf')
021.148  000.077  000.077: require('vim.lsp.diagnostic')
021.215  000.066  000.066: require('vim.lsp.codelens')
021.290  002.199  000.283: require('vim.lsp')
021.322  002.287  000.088: sourcing /Users/t002451/.local/share/nvim/lazy/nvim-lspconfig/plugin/lspconfig.lua
021.869  000.469  000.469: require('nvim-navic.lib')
021.872  003.498  000.741: require('nvim-navic')
022.116  000.109  000.109: require('lspconfig.util')
022.179  000.061  000.061: require('lspconfig.async')
022.181  000.242  000.071: require('lspconfig.configs')
022.182  000.309  000.068: require('lspconfig')
022.248  000.064  000.064: require('lspconfig.server_configurations.clangd')
022.576  000.076  000.076: require('lspconfig.manager')
023.030  000.129  000.129: sourcing /Users/t002451/.local/share/nvim/lazy/hop.nvim/plugin/hop.vim
023.549  000.506  000.506: require('hop')
023.679  000.062  000.062: require('hop.perm')
023.804  000.058  000.058: require('hop.priority')
023.806  000.125  000.067: require('hop.hint')
023.807  000.256  000.070: require('hop.defaults')
023.865  000.057  000.057: require('hop.highlight')
024.551  000.066  000.066: require('nvim-autopairs._log')
024.617  000.065  000.065: require('nvim-autopairs.utils')
024.842  000.084  000.084: require('nvim-autopairs.conds')
024.845  000.157  000.072: require('nvim-autopairs.rule')
024.846  000.228  000.072: require('nvim-autopairs.rules.basic')
024.854  000.896  000.536: require('nvim-autopairs')
024.978  000.064  000.064: require('nvim-autopairs.completion.handlers')
027.054  000.017  000.017: sourcing /Users/t002451/.local/share/nvim/lazy/plenary.nvim/plugin/plenary.vim
027.883  000.059  000.059: require('Comment.config')
028.018  000.072  000.072: require('Comment.ft')
028.022  000.137  000.065: require('Comment.utils')
028.095  000.073  000.073: require('Comment.opfunc')
028.149  000.054  000.054: require('Comment.extra')
028.152  000.624  000.301: require('Comment.api')
028.233  000.750  000.126: sourcing /Users/t002451/.local/share/nvim/lazy/Comment.nvim/plugin/Comment.lua
028.311  000.057  000.057: require('Comment')
028.579  000.008  000.008: sourcing /Users/t002451/.local/share/nvim/lazy/vim-mql5/ftdetect/mql5.vim
029.514  000.546  000.546: sourcing /Users/t002451/.local/share/nvim/lazy/vim-fugitive/plugin/fugitive.vim
029.670  000.006  000.006: sourcing /Users/t002451/.local/share/nvim/lazy/vim-fugitive/ftdetect/fugitive.vim
030.126  000.067  000.067: sourcing /Users/t002451/.local/share/nvim/lazy/vim-highlightedyank/plugin/highlightedyank.vim
030.809  000.019  000.019: sourcing /Users/t002451/.local/share/nvim/lazy/nvim-web-devicons/plugin/nvim-web-devicons.vim
031.568  000.095  000.095: require('gitsigns.async')
031.650  000.081  000.081: require('gitsigns.debug.log')
031.796  000.144  000.144: require('gitsigns.config')
031.799  000.705  000.385: require('gitsigns')
032.062  000.116  000.116: require('gitsigns.highlight')
033.247  000.075  000.075: require('diffview.lazy')
033.542  000.100  000.100: require('diffview.ffi')
033.620  000.077  000.077: require('diffview.oop')
033.638  000.292  000.115: require('diffview.async')
033.738  000.072  000.072: require('diffview.mock')
033.747  000.486  000.122: require('diffview.logger')
033.933  000.179  000.179: require('diffview.control')
034.099  000.158  000.158: require('diffview.events')
034.116  001.312  000.414: require('diffview.bootstrap')
034.154  001.405  000.093: sourcing /Users/t002451/.local/share/nvim/lazy/diffview.nvim/plugin/diffview.lua
034.932  000.111  000.111: sourcing /Users/t002451/.local/share/nvim/lazy/vim-gitgutter/autoload/gitgutter/utility.vim
035.203  000.068  000.068: sourcing /Users/t002451/.local/share/nvim/lazy/vim-gitgutter/autoload/gitgutter/highlight.vim
035.582  001.215  001.036: sourcing /Users/t002451/.local/share/nvim/lazy/vim-gitgutter/plugin/gitgutter.vim
035.893  000.066  000.066: sourcing /usr/local/share/nvim/runtime/plugin/editorconfig.lua
036.038  000.079  000.079: sourcing /usr/local/share/nvim/runtime/plugin/gzip.vim
036.106  000.006  000.006: sourcing /usr/local/share/nvim/runtime/plugin/health.vim
036.228  000.064  000.064: sourcing /usr/local/share/nvim/runtime/plugin/man.lua
036.298  000.005  000.005: sourcing /usr/local/share/nvim/runtime/plugin/man.vim
037.717  000.104  000.104: sourcing /usr/local/share/nvim/runtime/pack/dist/opt/matchit/plugin/matchit.vim
037.729  001.374  001.270: sourcing /usr/local/share/nvim/runtime/plugin/matchit.vim
037.874  000.081  000.081: sourcing /usr/local/share/nvim/runtime/plugin/matchparen.vim
038.099  000.153  000.153: sourcing /usr/local/share/nvim/runtime/plugin/netrwPlugin.vim
038.221  000.044  000.044: sourcing /usr/local/share/nvim/runtime/plugin/nvim.lua
038.441  000.005  000.005: sourcing /Users/t002451/.local/share/nvim/rplugin.vim
038.446  000.152  000.147: sourcing /usr/local/share/nvim/runtime/plugin/rplugin.vim
038.542  000.029  000.029: sourcing /usr/local/share/nvim/runtime/plugin/shada.vim
038.626  000.011  000.011: sourcing /usr/local/share/nvim/runtime/plugin/spellfile.vim
038.763  000.063  000.063: sourcing /usr/local/share/nvim/runtime/plugin/tarPlugin.vim
038.876  000.045  000.045: sourcing /usr/local/share/nvim/runtime/plugin/tohtml.vim
038.954  000.009  000.009: sourcing /usr/local/share/nvim/runtime/plugin/tutor.vim
039.108  000.068  000.068: sourcing /usr/local/share/nvim/runtime/plugin/zipPlugin.vim
039.188  032.298  010.564: require('plugins')
039.270  033.796  000.203: require('root')
039.271  033.830  000.034: sourcing /Users/t002451/.config/nvim/init.lua
039.285  001.385: sourcing vimrc file(s)
039.705  000.049  000.049: sourcing /usr/local/share/nvim/runtime/filetype.lua
039.784  000.006  000.006: sourcing /usr/local/share/nvim/runtime/filetype.vim
040.023  000.035  000.035: sourcing /usr/local/share/nvim/runtime/syntax/synload.vim
040.068  000.196  000.160: sourcing /usr/local/share/nvim/runtime/syntax/syntax.vim
040.077  000.540: inits 3
042.004  001.927: reading ShaDa
042.425  000.421: opening buffers
042.849  000.081  000.081: sourcing /Users/t002451/.local/share/nvim/lazy/vim-gitgutter/autoload/gitgutter.vim
042.984  000.478: BufEnter autocommands
042.986  000.002: editing files in windows
047.403  000.106  000.106: require('gitsigns.util')
047.405  000.189  000.083: require('gitsigns.cache')
047.541  000.054  000.054: require('gitsigns.system')
047.595  000.053  000.053: require('gitsigns.message')
047.650  000.054  000.054: require('gitsigns.git.version')
047.655  000.248  000.087: require('gitsigns.git')
047.724  000.060  000.060: require('vim._system')


times in msec
 clock   self+sourced   self:  sourced script
 clock   elapsed:              other lines

000.005  000.005: --- NVIM STARTING ---
000.083  000.079: event init
000.166  000.083: early init
000.488  000.322: locale set
000.524  000.036: init first window
000.846  000.322: inits 1
000.851  000.005: window checked
000.853  000.002: parsing arguments
001.225  000.027  000.027: require('vim.shared')
001.292  000.031  000.031: require('vim.inspect')
001.326  000.025  000.025: require('vim._options')
001.327  000.100  000.044: require('vim._editor')
001.329  000.184  000.056: require('vim._init_packages')
001.330  000.293: init lua interpreter
001.695  000.365: expanding arguments
001.708  000.013: inits 2
001.934  000.227: init highlight
